<?xml version="1.0" encoding="UTF-8"?>
<!-- Generated by org.testng.reporters.JUnitXMLReporter -->
<testsuite ignored="0" hostname="24850-438349" failures="0" tests="16" name="Default test" time="453.625" errors="0" timestamp="2023-01-04T14:01:16 IST">
  <testcase classname="com.stctv.qa.testcases.LoginPageTest" name="loginPageTitleTest" time="0.014"/>
  <testcase classname="com.stctv.qa.testcases.LoginPageTest" name="subscriptionTypeClassic" time="0.038"/>
  <testcase classname="com.stctv.qa.testcases.LoginPageTest" name="subscriptionTypeLite" time="0.035"/>
  <testcase classname="com.stctv.qa.testcases.LoginPageTest" name="subscriptionTypePremium" time="0.031"/>
  <testcase classname="com.stctv.qa.testcases.LoginPageTest" name="validateClassicPackagePriceForBHD" time="18.301"/>
  <testcase classname="com.stctv.qa.testcases.LoginPageTest" name="validateClassicPackagePriceForKWD" time="38.975"/>
  <testcase classname="com.stctv.qa.testcases.LoginPageTest" name="validateClassicPackagePriceForSAR" time="2.234"/>
  <testcase classname="com.stctv.qa.testcases.LoginPageTest" name="validateCountryBahrain" time="17.484"/>
  <testcase classname="com.stctv.qa.testcases.LoginPageTest" name="validateCountryKSA" time="1.435"/>
  <testcase classname="com.stctv.qa.testcases.LoginPageTest" name="validateCountryKuwait" time="1.492"/>
  <testcase classname="com.stctv.qa.testcases.LoginPageTest" name="validateLitePackagePriceForBHD" time="1.75"/>
  <testcase classname="com.stctv.qa.testcases.LoginPageTest" name="validateLitePackagePriceForKWD" time="1.851"/>
  <testcase classname="com.stctv.qa.testcases.LoginPageTest" name="validateLitePackagePriceForSAR" time="2.243"/>
  <testcase classname="com.stctv.qa.testcases.LoginPageTest" name="validatepremiumPackagePriceForBHD" time="22.002"/>
  <testcase classname="com.stctv.qa.testcases.LoginPageTest" name="validatepremiumPackagePriceForKWD" time="1.55"/>
  <testcase classname="com.stctv.qa.testcases.LoginPageTest" name="validatepremiumPackagePriceForSAR" time="16.245"/>
</testsuite> <!-- Default test -->
